{"/Users/dada-mac/code/ai/mini-translate/eslint.config.js": {"path":"/Users/dada-mac/code/ai/mini-translate/eslint.config.js","all":true,"statementMap":{"0":{"start":{"line":1,"column":0},"end":{"line":1,"column":28}},"1":{"start":{"line":2,"column":0},"end":{"line":2,"column":16}},"2":{"start":{"line":3,"column":0},"end":{"line":3,"column":25}},"3":{"start":{"line":4,"column":0},"end":{"line":4,"column":3}},"4":{"start":{"line":5,"column":0},"end":{"line":5,"column":22}},"5":{"start":{"line":6,"column":0},"end":{"line":6,"column":24}},"6":{"start":{"line":7,"column":0},"end":{"line":7,"column":27}},"7":{"start":{"line":8,"column":0},"end":{"line":8,"column":16}},"8":{"start":{"line":9,"column":0},"end":{"line":9,"column":27}},"9":{"start":{"line":10,"column":0},"end":{"line":10,"column":28}},"10":{"start":{"line":11,"column":0},"end":{"line":11,"column":31}},"11":{"start":{"line":12,"column":0},"end":{"line":12,"column":29}},"12":{"start":{"line":13,"column":0},"end":{"line":13,"column":28}},"13":{"start":{"line":14,"column":0},"end":{"line":14,"column":7}},"14":{"start":{"line":15,"column":0},"end":{"line":15,"column":6}},"15":{"start":{"line":16,"column":0},"end":{"line":16,"column":12}},"16":{"start":{"line":17,"column":0},"end":{"line":17,"column":53}},"17":{"start":{"line":18,"column":0},"end":{"line":18,"column":24}},"18":{"start":{"line":19,"column":0},"end":{"line":19,"column":26}},"19":{"start":{"line":20,"column":0},"end":{"line":20,"column":6}},"20":{"start":{"line":21,"column":0},"end":{"line":21,"column":55}},"21":{"start":{"line":22,"column":0},"end":{"line":22,"column":3}},"22":{"start":{"line":23,"column":0},"end":{"line":23,"column":2}}},"s":{"0":0,"1":0,"2":0,"3":0,"4":0,"5":0,"6":0,"7":0,"8":0,"9":0,"10":0,"11":0,"12":0,"13":0,"14":0,"15":0,"16":0,"17":0,"18":0,"19":0,"20":0,"21":0,"22":0},"branchMap":{"0":{"type":"branch","line":1,"loc":{"start":{"line":1,"column":520},"end":{"line":23,"column":2}},"locations":[{"start":{"line":1,"column":520},"end":{"line":23,"column":2}}]}},"b":{"0":[0]},"fnMap":{"0":{"name":"(empty-report)","decl":{"start":{"line":1,"column":520},"end":{"line":23,"column":2}},"loc":{"start":{"line":1,"column":520},"end":{"line":23,"column":2}},"line":1}},"f":{"0":0}}
,"/Users/dada-mac/code/ai/mini-translate/vitest.config.js": {"path":"/Users/dada-mac/code/ai/mini-translate/vitest.config.js","all":true,"statementMap":{"0":{"start":{"line":1,"column":0},"end":{"line":1,"column":45}},"2":{"start":{"line":3,"column":0},"end":{"line":3,"column":29}},"3":{"start":{"line":4,"column":0},"end":{"line":4,"column":9}},"4":{"start":{"line":5,"column":0},"end":{"line":5,"column":18}},"5":{"start":{"line":6,"column":0},"end":{"line":6,"column":24}},"6":{"start":{"line":7,"column":0},"end":{"line":7,"column":15}},"7":{"start":{"line":8,"column":0},"end":{"line":8,"column":21}},"8":{"start":{"line":9,"column":0},"end":{"line":9,"column":41}},"9":{"start":{"line":10,"column":0},"end":{"line":10,"column":16}},"10":{"start":{"line":11,"column":0},"end":{"line":11,"column":26}},"11":{"start":{"line":12,"column":0},"end":{"line":12,"column":18}},"12":{"start":{"line":13,"column":0},"end":{"line":13,"column":22}},"13":{"start":{"line":14,"column":0},"end":{"line":14,"column":20}},"14":{"start":{"line":15,"column":0},"end":{"line":15,"column":21}},"15":{"start":{"line":16,"column":0},"end":{"line":16,"column":20}},"16":{"start":{"line":17,"column":0},"end":{"line":17,"column":8}},"17":{"start":{"line":18,"column":0},"end":{"line":18,"column":19}},"18":{"start":{"line":19,"column":0},"end":{"line":19,"column":17}},"19":{"start":{"line":20,"column":0},"end":{"line":20,"column":23}},"20":{"start":{"line":21,"column":0},"end":{"line":21,"column":24}},"21":{"start":{"line":22,"column":0},"end":{"line":22,"column":20}},"22":{"start":{"line":23,"column":0},"end":{"line":23,"column":24}},"23":{"start":{"line":24,"column":0},"end":{"line":24,"column":9}},"24":{"start":{"line":25,"column":0},"end":{"line":25,"column":7}},"25":{"start":{"line":26,"column":0},"end":{"line":26,"column":6}},"26":{"start":{"line":27,"column":0},"end":{"line":27,"column":23}},"27":{"start":{"line":28,"column":0},"end":{"line":28,"column":22}},"28":{"start":{"line":29,"column":0},"end":{"line":29,"column":3}},"29":{"start":{"line":30,"column":0},"end":{"line":30,"column":3}}},"s":{"0":0,"2":0,"3":0,"4":0,"5":0,"6":0,"7":0,"8":0,"9":0,"10":0,"11":0,"12":0,"13":0,"14":0,"15":0,"16":0,"17":0,"18":0,"19":0,"20":0,"21":0,"22":0,"23":0,"24":0,"25":0,"26":0,"27":0,"28":0,"29":0},"branchMap":{"0":{"type":"branch","line":1,"loc":{"start":{"line":1,"column":582},"end":{"line":30,"column":3}},"locations":[{"start":{"line":1,"column":582},"end":{"line":30,"column":3}}]}},"b":{"0":[0]},"fnMap":{"0":{"name":"(empty-report)","decl":{"start":{"line":1,"column":582},"end":{"line":30,"column":3}},"loc":{"start":{"line":1,"column":582},"end":{"line":30,"column":3}},"line":1}},"f":{"0":0}}
,"/Users/dada-mac/code/ai/mini-translate/src/services/dom.js": {"path":"/Users/dada-mac/code/ai/mini-translate/src/services/dom.js","all":false,"statementMap":{"0":{"start":{"line":1,"column":0},"end":{"line":1,"column":35}},"1":{"start":{"line":2,"column":0},"end":{"line":2,"column":52}},"2":{"start":{"line":3,"column":0},"end":{"line":3,"column":1}},"4":{"start":{"line":5,"column":0},"end":{"line":5,"column":38}},"5":{"start":{"line":6,"column":0},"end":{"line":6,"column":33}},"6":{"start":{"line":7,"column":0},"end":{"line":7,"column":47}},"7":{"start":{"line":8,"column":0},"end":{"line":8,"column":1}},"9":{"start":{"line":10,"column":0},"end":{"line":10,"column":58}},"10":{"start":{"line":11,"column":0},"end":{"line":11,"column":34}},"11":{"start":{"line":12,"column":0},"end":{"line":12,"column":64}},"12":{"start":{"line":13,"column":0},"end":{"line":13,"column":1}}},"s":{"0":1,"1":9,"2":9,"4":1,"5":6,"6":6,"7":6,"9":1,"10":4,"11":4,"12":4},"branchMap":{"0":{"type":"branch","line":1,"loc":{"start":{"line":1,"column":7},"end":{"line":3,"column":1}},"locations":[{"start":{"line":1,"column":7},"end":{"line":3,"column":1}}]},"1":{"type":"branch","line":5,"loc":{"start":{"line":5,"column":7},"end":{"line":8,"column":1}},"locations":[{"start":{"line":5,"column":7},"end":{"line":8,"column":1}}]},"2":{"type":"branch","line":10,"loc":{"start":{"line":10,"column":7},"end":{"line":13,"column":1}},"locations":[{"start":{"line":10,"column":7},"end":{"line":13,"column":1}}]},"3":{"type":"branch","line":12,"loc":{"start":{"line":12,"column":26},"end":{"line":12,"column":62}},"locations":[{"start":{"line":12,"column":26},"end":{"line":12,"column":62}}]},"4":{"type":"branch","line":12,"loc":{"start":{"line":12,"column":53},"end":{"line":12,"column":59}},"locations":[{"start":{"line":12,"column":53},"end":{"line":12,"column":59}}]}},"b":{"0":[9],"1":[6],"2":[4],"3":[7],"4":[1]},"fnMap":{"0":{"name":"escapeRegExp","decl":{"start":{"line":1,"column":7},"end":{"line":3,"column":1}},"loc":{"start":{"line":1,"column":7},"end":{"line":3,"column":1}},"line":1},"1":{"name":"buildWordRegex","decl":{"start":{"line":5,"column":7},"end":{"line":8,"column":1}},"loc":{"start":{"line":5,"column":7},"end":{"line":8,"column":1}},"line":5},"2":{"name":"replaceWithMark","decl":{"start":{"line":10,"column":7},"end":{"line":13,"column":1}},"loc":{"start":{"line":10,"column":7},"end":{"line":13,"column":1}},"line":10}},"f":{"0":9,"1":6,"2":4}}
,"/Users/dada-mac/code/ai/mini-translate/src/services/vocab-core.js": {"path":"/Users/dada-mac/code/ai/mini-translate/src/services/vocab-core.js","all":false,"statementMap":{"0":{"start":{"line":1,"column":0},"end":{"line":1,"column":29}},"2":{"start":{"line":3,"column":0},"end":{"line":3,"column":35}},"3":{"start":{"line":4,"column":0},"end":{"line":4,"column":65}},"4":{"start":{"line":5,"column":0},"end":{"line":5,"column":48}},"5":{"start":{"line":6,"column":0},"end":{"line":6,"column":3}},"6":{"start":{"line":7,"column":0},"end":{"line":7,"column":31}},"7":{"start":{"line":8,"column":0},"end":{"line":8,"column":16}},"8":{"start":{"line":9,"column":0},"end":{"line":9,"column":9}},"9":{"start":{"line":10,"column":0},"end":{"line":10,"column":39}},"10":{"start":{"line":11,"column":0},"end":{"line":11,"column":52}},"11":{"start":{"line":12,"column":0},"end":{"line":12,"column":24}},"12":{"start":{"line":13,"column":0},"end":{"line":13,"column":57}},"13":{"start":{"line":14,"column":0},"end":{"line":14,"column":39}},"14":{"start":{"line":15,"column":0},"end":{"line":15,"column":4}},"15":{"start":{"line":16,"column":0},"end":{"line":16,"column":28}},"16":{"start":{"line":17,"column":0},"end":{"line":17,"column":1}},"18":{"start":{"line":19,"column":0},"end":{"line":19,"column":36}},"19":{"start":{"line":20,"column":0},"end":{"line":20,"column":58}},"20":{"start":{"line":21,"column":0},"end":{"line":21,"column":17}},"21":{"start":{"line":22,"column":0},"end":{"line":22,"column":30}},"22":{"start":{"line":23,"column":0},"end":{"line":23,"column":21}},"23":{"start":{"line":24,"column":0},"end":{"line":24,"column":42}},"24":{"start":{"line":25,"column":0},"end":{"line":25,"column":3}},"25":{"start":{"line":26,"column":0},"end":{"line":26,"column":73}},"26":{"start":{"line":27,"column":0},"end":{"line":27,"column":51}},"27":{"start":{"line":28,"column":0},"end":{"line":28,"column":1}},"29":{"start":{"line":30,"column":0},"end":{"line":30,"column":42}},"30":{"start":{"line":31,"column":0},"end":{"line":31,"column":38}},"31":{"start":{"line":32,"column":0},"end":{"line":32,"column":48}},"32":{"start":{"line":33,"column":0},"end":{"line":33,"column":62}},"33":{"start":{"line":34,"column":0},"end":{"line":34,"column":1}}},"s":{"0":1,"2":1,"3":7,"4":5,"5":5,"6":2,"7":2,"8":2,"9":7,"10":7,"11":7,"12":7,"13":7,"14":7,"15":7,"16":7,"18":1,"19":4,"20":4,"21":1,"22":1,"23":1,"24":1,"25":4,"26":2,"27":2,"29":1,"30":4,"31":4,"32":4,"33":4},"branchMap":{"0":{"type":"branch","line":3,"loc":{"start":{"line":3,"column":7},"end":{"line":17,"column":1}},"locations":[{"start":{"line":3,"column":7},"end":{"line":17,"column":1}}]},"1":{"type":"branch","line":4,"loc":{"start":{"line":4,"column":11},"end":{"line":4,"column":42}},"locations":[{"start":{"line":4,"column":11},"end":{"line":4,"column":42}}]},"2":{"type":"branch","line":4,"loc":{"start":{"line":4,"column":43},"end":{"line":4,"column":62}},"locations":[{"start":{"line":4,"column":43},"end":{"line":4,"column":62}}]},"3":{"type":"branch","line":4,"loc":{"start":{"line":4,"column":64},"end":{"line":10,"column":38}},"locations":[{"start":{"line":4,"column":64},"end":{"line":10,"column":38}}]},"4":{"type":"branch","line":4,"loc":{"start":{"line":4,"column":64},"end":{"line":6,"column":3}},"locations":[{"start":{"line":4,"column":64},"end":{"line":6,"column":3}}]},"5":{"type":"branch","line":6,"loc":{"start":{"line":6,"column":2},"end":{"line":10,"column":33}},"locations":[{"start":{"line":6,"column":2},"end":{"line":10,"column":33}}]},"6":{"type":"branch","line":10,"loc":{"start":{"line":10,"column":33},"end":{"line":10,"column":38}},"locations":[{"start":{"line":10,"column":33},"end":{"line":10,"column":38}}]},"7":{"type":"branch","line":11,"loc":{"start":{"line":11,"column":32},"end":{"line":11,"column":42}},"locations":[{"start":{"line":11,"column":32},"end":{"line":11,"column":42}}]},"8":{"type":"branch","line":11,"loc":{"start":{"line":11,"column":43},"end":{"line":11,"column":51}},"locations":[{"start":{"line":11,"column":43},"end":{"line":11,"column":51}}]},"9":{"type":"branch","line":13,"loc":{"start":{"line":13,"column":29},"end":{"line":13,"column":56}},"locations":[{"start":{"line":13,"column":29},"end":{"line":13,"column":56}}]},"10":{"type":"branch","line":14,"loc":{"start":{"line":14,"column":31},"end":{"line":14,"column":38}},"locations":[{"start":{"line":14,"column":31},"end":{"line":14,"column":38}}]},"11":{"type":"branch","line":19,"loc":{"start":{"line":19,"column":7},"end":{"line":28,"column":1}},"locations":[{"start":{"line":19,"column":7},"end":{"line":28,"column":1}}]},"12":{"type":"branch","line":21,"loc":{"start":{"line":21,"column":16},"end":{"line":25,"column":3}},"locations":[{"start":{"line":21,"column":16},"end":{"line":25,"column":3}}]},"13":{"type":"branch","line":25,"loc":{"start":{"line":25,"column":2},"end":{"line":26,"column":32}},"locations":[{"start":{"line":25,"column":2},"end":{"line":26,"column":32}}]},"14":{"type":"branch","line":26,"loc":{"start":{"line":26,"column":32},"end":{"line":28,"column":1}},"locations":[{"start":{"line":26,"column":32},"end":{"line":28,"column":1}}]},"15":{"type":"branch","line":26,"loc":{"start":{"line":26,"column":32},"end":{"line":26,"column":73}},"locations":[{"start":{"line":26,"column":32},"end":{"line":26,"column":73}}]},"16":{"type":"branch","line":20,"loc":{"start":{"line":20,"column":29},"end":{"line":20,"column":56}},"locations":[{"start":{"line":20,"column":29},"end":{"line":20,"column":56}}]},"17":{"type":"branch","line":30,"loc":{"start":{"line":30,"column":7},"end":{"line":34,"column":1}},"locations":[{"start":{"line":30,"column":7},"end":{"line":34,"column":1}}]},"18":{"type":"branch","line":31,"loc":{"start":{"line":31,"column":24},"end":{"line":31,"column":29}},"locations":[{"start":{"line":31,"column":24},"end":{"line":31,"column":29}}]},"19":{"type":"branch","line":32,"loc":{"start":{"line":32,"column":27},"end":{"line":32,"column":46}},"locations":[{"start":{"line":32,"column":27},"end":{"line":32,"column":46}}]}},"b":{"0":[7],"1":[5],"2":[4],"3":[6],"4":[5],"5":[2],"6":[1],"7":[1],"8":[1],"9":[1],"10":[2],"11":[4],"12":[1],"13":[3],"14":[2],"15":[1],"16":[501],"17":[4],"18":[2],"19":[6]},"fnMap":{"0":{"name":"validateTerm","decl":{"start":{"line":3,"column":7},"end":{"line":17,"column":1}},"loc":{"start":{"line":3,"column":7},"end":{"line":17,"column":1}},"line":3},"1":{"name":"upsert","decl":{"start":{"line":19,"column":7},"end":{"line":28,"column":1}},"loc":{"start":{"line":19,"column":7},"end":{"line":28,"column":1}},"line":19},"2":{"name":"removeByTerm","decl":{"start":{"line":30,"column":7},"end":{"line":34,"column":1}},"loc":{"start":{"line":30,"column":7},"end":{"line":34,"column":1}},"line":30}},"f":{"0":7,"1":4,"2":4}}
}
